
UNICOR Release 2015-10-20T13:20:00MDT Version 2.5

Author(s): E.L. Landguth, B.K. Hand, J.M. Glassy

Session runtime inputs from: (wind_WBP.rip)


Log output directed to     : (WBP_wind.log)
G creation run-time: 0:00:00


xy points run-time: 0:00:00


Unicor does not currently support multi-processing in the windows os, reverting to serial calculations

Printing out every source,destination combination at 10 percent completetions...
Percent complete: 10%; Source point: 31888.6880115_32554.7973553; Start time: 0:00:00
Percent complete: 20%; Source point: 116888.688012_127554.797355; Start time: 0:00:21.309000
Percent complete: 30%; Source point: 46888.6880115_192554.797355; Start time: 0:01:22.671000
Percent complete: 40%; Source point: 131888.688012_212554.797355; Start time: 0:04:04.056000
Percent complete: 50%; Source point: 136888.688012_232554.797355; Start time: 0:07:06.808000
Percent complete: 60%; Source point: -143111.311988_267554.797355; Start time: 0:10:19.168000
Percent complete: 70%; Source point: -58111.3119885_307554.797355; Start time: 0:13:49.734000
Percent complete: 80%; Source point: 121888.688012_332554.797355; Start time: 0:17:26.304000
Percent complete: 90%; Source point: -478111.311988_367554.797355; Start time: 0:22:12.644000
Percent complete: 100%; Source point: -178111.311988_447554.797355; Start time: 0:27:38.918000
Printing out every source,destination combination at 10 percent completetions...
Percent complete: 10%; Source point: -218111.311988_777554.797355; Start time: 0:00:00
Percent complete: 20%; Source point: -188111.311988_442554.797355; Start time: 0:01:42.920000
Percent complete: 30%; Source point: 91888.6880115_362554.797355; Start time: 0:05:25.220000
Percent complete: 40%; Source point: 81888.6880115_332554.797355; Start time: 0:09:47.664000
Percent complete: 50%; Source point: -223111.311988_307554.797355; Start time: 0:14:15.675000
Percent complete: 60%; Source point: -228111.311988_267554.797355; Start time: 0:18:51.260000
Percent complete: 70%; Source point: 116888.688012_232554.797355; Start time: 0:23:51.314000
Percent complete: 80%; Source point: 111888.688012_212554.797355; Start time: 0:29:01.441000
Percent complete: 90%; Source point: -223111.311988_192554.797355; Start time: 0:34:27.202000
Percent complete: 100%; Source point: 141888.688012_122554.797355; Start time: 0:40:18.084000

Total shortest path calculation run-time: 1:20:29.163000

The file u_5km.txt_ones_5km.txt_XY_WBP.csv_asymmetric_WindCost.cdmatrix.csv has been created in: 0:00:03.264000

The file u_5km.txt_ones_5km.txt_XY_WBP.csv_asymmetric_WindCost_FROM_.addedpaths.txt has been created in: 0:00:00.073000

The file u_5km.txt_ones_5km.txt_XY_WBP.csv_asymmetric_WindCost_TO_.addedpaths.txt has been created in: 0:00:00.074000

Total UNICOR program run-time: 1:20:37.967000
